{
  "0 debug pnpm:scope": {
    "selected": 1
  },
  "1 warn pnpm:global": "lifecycle The node binary used for scripts is C:\\Program Files\\nodejs\\node.exe but pnpm is using C:\\Program Files\\nodejs\\node.exe itself. Use the `--scripts-prepend-node-path` option to include the path for the node binary pnpm was executed with.",
  "2 error pnpm": {
    "errno": 1,
    "code": "ELIFECYCLE",
    "pkgid": "@warenek/dnd@14.0.1",
    "stage": "build",
    "script": "pnpm build:clean && pnpm build:dist",
    "pkgname": "@warenek/dnd",
    "err": {
      "name": "pnpm",
      "message": "@warenek/dnd@14.0.1 build: `pnpm build:clean && pnpm build:dist`\nExit status 1",
      "code": "ELIFECYCLE",
      "stack": "pnpm: @warenek/dnd@14.0.1 build: `pnpm build:clean && pnpm build:dist`\nExit status 1\n    at EventEmitter.<anonymous> (C:\\Users\\barsik\\AppData\\Roaming\\npm\\node_modules\\pnpm\\dist\\pnpm.cjs:105736:20)\n    at EventEmitter.emit (events.js:315:20)\n    at ChildProcess.<anonymous> (C:\\Users\\barsik\\AppData\\Roaming\\npm\\node_modules\\pnpm\\dist\\pnpm.cjs:92297:18)\n    at ChildProcess.emit (events.js:315:20)\n    at maybeClose (internal/child_process.js:1048:16)\n    at Process.ChildProcess._handle.onexit (internal/child_process.js:288:5)"
    }
  },
  "3 warn pnpm:global": " Local package.json exists, but node_modules missing, did you mean to install?"
}